<?xml version="1.0" encoding="UTF-8"?>
<testng-results total="1" passed="1" failed="0" skipped="0">
  <reporter-output>
  </reporter-output>
  <suite started-at="2023-02-28T05:26:57Z" name="Default suite" finished-at="2023-02-28T05:27:30Z" duration-ms="32976">
    <groups>
    </groups>
    <test started-at="2023-02-28T05:26:57Z" name="Default test" finished-at="2023-02-28T05:27:30Z" duration-ms="32976">
      <class name="com.hrms.testscripts.TC001">
        <test-method signature="tC001()[pri:0, instance:com.hrms.testscripts.TC001@712625fd]" started-at="2023-02-28T10:56:57Z" name="tC001" finished-at="2023-02-28T10:57:30Z" duration-ms="32962" status="PASS">
          <reporter-output>
          </reporter-output>
        </test-method> <!-- tC001 -->
      </class> <!-- com.hrms.testscripts.TC001 -->
    </test> <!-- Default test -->
  </suite> <!-- Default suite -->
</testng-results>
